Build started 19-10-2022 06:11:07 PM.
     1>Project "c:\Users\binay\OneDrive\documents\visual studio 2010\Projects\224101014_LBG\224101014_LBG\224101014_LBG.vcxproj" on node 2 (build target(s)).
     1>PrepareForBuild:
         Creating directory "c:\users\binay\onedrive\documents\visual studio 2010\Projects\224101014_LBG\Debug\".
       InitializeBuildStatus:
         Creating "Debug\224101014_LBG.unsuccessfulbuild" because "AlwaysCreate" was specified.
       ClCompile:
         C:\Program Files (x86)\Microsoft Visual Studio 10.0\VC\bin\CL.exe /c /ZI /nologo /W3 /WX- /Od /Oy- /D WIN32 /D _DEBUG /D _CONSOLE /D _UNICODE /D UNICODE /Gm /EHsc /RTC1 /MDd /GS /fp:precise /Zc:wchar_t /Zc:forScope /Yc"StdAfx.h" /Fp"Debug\224101014_LBG.pch" /Fo"Debug\\" /Fd"Debug\vc100.pdb" /Gd /TP /analyze- /errorReport:prompt stdafx.cpp
         stdafx.cpp
         C:\Program Files (x86)\Microsoft Visual Studio 10.0\VC\bin\CL.exe /c /ZI /nologo /W3 /WX- /Od /Oy- /D WIN32 /D _DEBUG /D _CONSOLE /D _UNICODE /D UNICODE /Gm /EHsc /RTC1 /MDd /GS /fp:precise /Zc:wchar_t /Zc:forScope /Yu"StdAfx.h" /Fp"Debug\224101014_LBG.pch" /Fo"Debug\\" /Fd"Debug\vc100.pdb" /Gd /TP /analyze- /errorReport:prompt 224101014_LBG.cpp
         224101014_LBG.cpp
     1>c:\users\binay\onedrive\documents\visual studio 2010\projects\224101014_lbg\224101014_lbg\224101014_lbg.cpp(42): warning C4101: 'index' : unreferenced local variable
     1>c:\users\binay\onedrive\documents\visual studio 2010\projects\224101014_lbg\224101014_lbg\224101014_lbg.cpp(62): warning C4996: 'fscanf': This function or variable may be unsafe. Consider using fscanf_s instead. To disable deprecation, use _CRT_SECURE_NO_WARNINGS. See online help for details.
                 c:\program files (x86)\microsoft visual studio 10.0\vc\include\stdio.h(253) : see declaration of 'fscanf'
     1>c:\users\binay\onedrive\documents\visual studio 2010\projects\224101014_lbg\224101014_lbg\224101014_lbg.cpp(266): warning C4996: 'fopen': This function or variable may be unsafe. Consider using fopen_s instead. To disable deprecation, use _CRT_SECURE_NO_WARNINGS. See online help for details.
                 c:\program files (x86)\microsoft visual studio 10.0\vc\include\stdio.h(234) : see declaration of 'fopen'
       ManifestResourceCompile:
         C:\Program Files (x86)\Microsoft SDKs\Windows\v7.0A\bin\rc.exe /nologo /fo"Debug\224101014_LBG.exe.embed.manifest.res" Debug\224101014_LBG_manifest.rc 
       Link:
         C:\Program Files (x86)\Microsoft Visual Studio 10.0\VC\bin\link.exe /ERRORREPORT:PROMPT /OUT:"c:\users\binay\onedrive\documents\visual studio 2010\Projects\224101014_LBG\Debug\224101014_LBG.exe" /INCREMENTAL /NOLOGO kernel32.lib user32.lib gdi32.lib winspool.lib comdlg32.lib advapi32.lib shell32.lib ole32.lib oleaut32.lib uuid.lib odbc32.lib odbccp32.lib /MANIFEST /ManifestFile:"Debug\224101014_LBG.exe.intermediate.manifest" /MANIFESTUAC:"level='asInvoker' uiAccess='false'" /DEBUG /PDB:"c:\users\binay\onedrive\documents\visual studio 2010\Projects\224101014_LBG\Debug\224101014_LBG.pdb" /SUBSYSTEM:CONSOLE /TLBID:1 /DYNAMICBASE /NXCOMPAT /IMPLIB:"c:\users\binay\onedrive\documents\visual studio 2010\Projects\224101014_LBG\Debug\224101014_LBG.lib" /MACHINE:X86 Debug\224101014_LBG.exe.embed.manifest.res
         Debug\224101014_LBG.obj
         Debug\stdafx.obj
       Manifest:
         C:\Program Files (x86)\Microsoft SDKs\Windows\v7.0A\bin\mt.exe /nologo /verbose /out:"Debug\224101014_LBG.exe.embed.manifest" /manifest Debug\224101014_LBG.exe.intermediate.manifest
         C:\Program Files (x86)\Microsoft SDKs\Windows\v7.0A\bin\rc.exe /nologo /fo"Debug\224101014_LBG.exe.embed.manifest.res" Debug\224101014_LBG_manifest.rc 
       LinkEmbedManifest:
         C:\Program Files (x86)\Microsoft Visual Studio 10.0\VC\bin\link.exe /ERRORREPORT:PROMPT /OUT:"c:\users\binay\onedrive\documents\visual studio 2010\Projects\224101014_LBG\Debug\224101014_LBG.exe" /INCREMENTAL /NOLOGO kernel32.lib user32.lib gdi32.lib winspool.lib comdlg32.lib advapi32.lib shell32.lib ole32.lib oleaut32.lib uuid.lib odbc32.lib odbccp32.lib /MANIFEST /ManifestFile:"Debug\224101014_LBG.exe.intermediate.manifest" /MANIFESTUAC:"level='asInvoker' uiAccess='false'" /DEBUG /PDB:"c:\users\binay\onedrive\documents\visual studio 2010\Projects\224101014_LBG\Debug\224101014_LBG.pdb" /SUBSYSTEM:CONSOLE /TLBID:1 /DYNAMICBASE /NXCOMPAT /IMPLIB:"c:\users\binay\onedrive\documents\visual studio 2010\Projects\224101014_LBG\Debug\224101014_LBG.lib" /MACHINE:X86 Debug\224101014_LBG.exe.embed.manifest.res
         Debug\224101014_LBG.obj
         Debug\stdafx.obj
         224101014_LBG.vcxproj -> c:\users\binay\onedrive\documents\visual studio 2010\Projects\224101014_LBG\Debug\224101014_LBG.exe
       FinalizeBuildStatus:
         Deleting file "Debug\224101014_LBG.unsuccessfulbuild".
         Touching "Debug\224101014_LBG.lastbuildstate".
     1>Done Building Project "c:\Users\binay\OneDrive\documents\visual studio 2010\Projects\224101014_LBG\224101014_LBG\224101014_LBG.vcxproj" (build target(s)).

Build succeeded.

Time Elapsed 00:00:06.95
